[14:16:45] [trace] RTS: Finished initialization of App
[14:16:45] [warning] RTS: Could not find font 'arial':10
[14:16:45] [warning] RTS: Tried to remove non-existing font 'a'
[14:16:45] [info] RTS: WindowFocus
[14:16:45] [info] RTS: MouseMoved: 415, 266
[14:16:47] [info] RTS: MouseButtonPressed: 1
[14:16:47] [info] RTS: MouseButtonReleased: 1
[14:16:48] [info] RTS: MouseMoved: 415, 265
[14:16:48] [info] RTS: MouseMoved: 414, 258
[14:16:48] [info] RTS: MouseMoved: 414, 247
[14:16:48] [info] RTS: MouseMoved: 413, 232
[14:16:48] [info] RTS: MouseMoved: 411, 217
[14:16:48] [info] RTS: MouseMoved: 408, 194
[14:16:48] [info] RTS: MouseMoved: 403, 171
[14:16:48] [info] RTS: MouseMoved: 400, 158
[14:16:48] [info] RTS: MouseMoved: 398, 146
[14:16:48] [info] RTS: MouseMoved: 397, 137
[14:16:48] [info] RTS: MouseMoved: 392, 121
[14:16:48] [info] RTS: MouseMoved: 390, 108
[14:16:48] [info] RTS: MouseMoved: 385, 94
[14:16:48] [info] RTS: MouseMoved: 384, 79
[14:16:48] [info] RTS: MouseMoved: 380, 62
[14:16:48] [info] RTS: MouseMoved: 378, 52
[14:16:48] [info] RTS: MouseMoved: 376, 44
[14:16:48] [info] RTS: MouseMoved: 375, 37
[14:16:48] [info] RTS: MouseMoved: 375, 32
[14:16:48] [info] RTS: MouseMoved: 373, 29
[14:16:48] [info] RTS: MouseMoved: 373, 27
[14:16:48] [info] RTS: MouseMoved: 372, 27
[14:16:48] [info] RTS: MouseMoved: 372, 25
[14:16:48] [info] RTS: MouseMoved: 371, 22
[14:16:48] [info] RTS: MouseMoved: 369, 18
[14:16:48] [info] RTS: MouseMoved: 368, 14
[14:16:48] [info] RTS: MouseMoved: 367, 7
[14:16:48] [info] RTS: MouseMoved: 364, 2
[14:16:48] [info] RTS: MouseMoved: 364, 0
[14:16:48] [info] RTS: MouseMoved: 362, 0
[14:16:49] [info] RTS: WindowMoved: 628, 126
[14:16:49] [info] RTS: MouseMoved: 353, 8
[14:16:49] [info] RTS: MouseMoved: 353, 16
[14:16:49] [info] RTS: MouseMoved: 353, 23
[14:16:49] [info] RTS: MouseMoved: 353, 27
[14:16:49] [info] RTS: MouseMoved: 353, 35
[14:16:49] [info] RTS: MouseMoved: 353, 44
[14:16:49] [info] RTS: MouseMoved: 353, 55
[14:16:49] [info] RTS: MouseMoved: 353, 67
[14:16:49] [info] RTS: MouseMoved: 353, 79
[14:16:49] [info] RTS: MouseMoved: 353, 90
[14:16:49] [info] RTS: MouseMoved: 353, 104
[14:16:49] [info] RTS: MouseMoved: 354, 119
[14:16:49] [info] RTS: MouseMoved: 354, 133
[14:16:49] [info] RTS: MouseMoved: 354, 146
[14:16:49] [info] RTS: MouseMoved: 354, 157
[14:16:49] [info] RTS: MouseMoved: 354, 166
[14:16:49] [info] RTS: MouseMoved: 355, 175
[14:16:49] [info] RTS: MouseMoved: 356, 183
[14:16:49] [info] RTS: MouseMoved: 356, 189
[14:16:49] [info] RTS: MouseMoved: 357, 194
[14:16:50] [info] RTS: MouseMoved: 358, 197
[14:16:50] [info] RTS: MouseMoved: 358, 198
[14:16:50] [info] RTS: MouseMoved: 358, 200
[14:16:50] [info] RTS: MouseMoved: 358, 201
[14:16:50] [info] RTS: MouseMoved: 358, 203
[14:16:50] [info] RTS: MouseMoved: 358, 205
[14:16:50] [info] RTS: MouseButtonPressed: 1
[14:16:50] [info] RTS: MouseButtonReleased: 1
[14:16:51] [info] RTS: MouseButtonPressed: 1
[14:16:51] [info] RTS: MouseButtonReleased: 1
[14:16:52] [info] RTS: MouseButtonPressed: 3
[14:16:52] [info] RTS: MouseButtonReleased: 3
[14:16:55] [info] RTS: MouseMoved: 357, 205
[14:16:56] [info] RTS: MouseButtonPressed: 2
[14:16:56] [info] RTS: MouseButtonReleased: 2
[14:16:58] [info] RTS: MouseButtonPressed: 4
[14:16:58] [info] RTS: MouseButtonReleased: 4
[14:16:59] [info] RTS: MouseButtonPressed: 5
[14:16:59] [info] RTS: MouseButtonReleased: 5
[14:17:00] [info] RTS: MouseButtonPressed: 1
[14:17:01] [info] RTS: MouseButtonReleased: 1
[14:17:02] [info] RTS: MouseMoved: 356, 205
[14:17:03] [info] RTS: MouseButtonPressed: 2
[14:17:03] [info] RTS: MouseButtonReleased: 2
[14:17:04] [info] RTS: MouseButtonPressed: 3
[14:17:04] [info] RTS: MouseButtonReleased: 3
[14:17:05] [info] RTS: MouseMoved: 355, 204
[14:17:05] [info] RTS: MouseMoved: 354, 204
[14:17:05] [info] RTS: MouseMoved: 353, 203
[14:17:05] [info] RTS: MouseMoved: 352, 203
[14:17:05] [info] RTS: MouseMoved: 351, 203
[14:17:05] [info] RTS: MouseMoved: 347, 202
[14:17:05] [info] RTS: MouseMoved: 342, 201
[14:17:05] [info] RTS: MouseMoved: 338, 199
[14:17:05] [info] RTS: MouseMoved: 331, 198
[14:17:05] [info] RTS: MouseMoved: 324, 196
[14:17:05] [info] RTS: MouseButtonPressed: 5
[14:17:06] [info] RTS: MouseButtonReleased: 5
[14:17:06] [info] RTS: MouseButtonPressed: 4
[14:17:06] [info] RTS: MouseButtonReleased: 4
[14:17:08] [info] RTS: MouseButtonPressed: 1
[14:17:08] [info] RTS: MouseButtonReleased: 1
[14:17:09] [info] RTS: MouseButtonPressed: 2
[14:17:09] [info] RTS: MouseButtonReleased: 2
[14:17:10] [info] RTS: MouseButtonPressed: 3
[14:17:10] [info] RTS: MouseButtonReleased: 3
[14:17:10] [info] RTS: MouseButtonPressed: 4
[14:17:10] [info] RTS: MouseButtonReleased: 4
[14:17:11] [info] RTS: MouseButtonPressed: 5
[14:17:11] [info] RTS: MouseButtonPressed: 1
[14:17:11] [info] RTS: MouseButtonReleased: 5
[14:17:11] [info] RTS: MouseButtonReleased: 1
[14:17:13] [info] RTS: MouseButtonPressed: 1
[14:17:13] [info] RTS: MouseButtonPressed: 5
[14:17:15] [info] RTS: MouseButtonReleased: 1
[14:17:15] [info] RTS: MouseButtonReleased: 5
[14:17:16] [info] RTS: MouseButtonPressed: 5
[14:17:16] [info] RTS: MouseButtonPressed: 1
[14:17:18] [info] RTS: MouseButtonReleased: 5
[14:17:18] [info] RTS: MouseButtonReleased: 1
[14:17:19] [info] RTS: MouseButtonPressed: 5
[14:17:20] [info] RTS: MouseButtonPressed: 1
[14:17:20] [info] RTS: MouseButtonReleased: 1
[14:17:20] [info] RTS: MouseButtonReleased: 5
[14:17:21] [info] RTS: MouseButtonPressed: 5
[14:17:21] [info] RTS: MouseButtonPressed: 1
[14:17:22] [info] RTS: MouseButtonReleased: 1
[14:17:22] [info] RTS: MouseButtonReleased: 5
[14:17:22] [info] RTS: MouseButtonPressed: 5
[14:17:23] [info] RTS: MouseButtonPressed: 1
[14:17:23] [info] RTS: MouseButtonReleased: 1
[14:17:23] [info] RTS: MouseButtonReleased: 5
[14:17:24] [info] RTS: MouseButtonPressed: 5
[14:17:24] [info] RTS: MouseButtonPressed: 1
[14:17:24] [info] RTS: MouseButtonReleased: 5
[14:17:24] [info] RTS: MouseButtonReleased: 1
[14:17:25] [info] RTS: MouseButtonPressed: 5
[14:17:25] [info] RTS: MouseButtonPressed: 1
[14:17:25] [info] RTS: MouseButtonReleased: 5
[14:17:25] [info] RTS: MouseButtonReleased: 1
[14:17:26] [info] RTS: MouseButtonPressed: 5
[14:17:26] [info] RTS: MouseButtonPressed: 1
[14:17:26] [info] RTS: MouseButtonReleased: 5
[14:17:26] [info] RTS: MouseButtonReleased: 1
[14:17:26] [info] RTS: MouseButtonPressed: 5
[14:17:26] [info] RTS: MouseButtonPressed: 1
[14:17:27] [info] RTS: MouseButtonReleased: 5
[14:17:27] [info] RTS: MouseButtonReleased: 1
[14:17:27] [info] RTS: MouseButtonPressed: 5
[14:17:27] [info] RTS: MouseButtonPressed: 1
[14:17:27] [info] RTS: MouseButtonReleased: 5
[14:17:27] [info] RTS: MouseButtonReleased: 1
[14:17:28] [info] RTS: MouseButtonPressed: 5
[14:17:28] [info] RTS: MouseButtonPressed: 1
[14:17:28] [info] RTS: MouseButtonReleased: 5
[14:17:28] [info] RTS: MouseButtonReleased: 1
[14:17:28] [info] RTS: MouseButtonPressed: 5
[14:17:29] [info] RTS: MouseButtonPressed: 1
[14:17:29] [info] RTS: MouseButtonReleased: 5
[14:17:29] [info] RTS: MouseButtonReleased: 1
[14:17:29] [info] RTS: MouseButtonPressed: 5
[14:17:30] [info] RTS: MouseButtonPressed: 1
[14:17:30] [info] RTS: MouseButtonReleased: 5
[14:17:30] [info] RTS: MouseButtonReleased: 1
[14:17:32] [info] RTS: KeyPressed: 22(repeat = 0)
[14:17:33] [info] RTS: KeyPressed: 4(repeat = 0)
[14:17:33] [info] RTS: KeyReleased: 22
[14:17:33] [info] RTS: KeyReleased: 4
[14:17:34] [info] RTS: KeyPressed: 4(repeat = 0)
[14:17:34] [info] RTS: KeyPressed: 22(repeat = 0)
[14:17:34] [info] RTS: KeyReleased: 4
[14:17:34] [info] RTS: KeyReleased: 22
[14:17:34] [info] RTS: KeyPressed: 4(repeat = 0)
[14:17:34] [info] RTS: KeyPressed: 22(repeat = 0)
[14:17:35] [info] RTS: KeyReleased: 4
[14:17:35] [info] RTS: KeyReleased: 22
[14:17:35] [info] RTS: KeyPressed: 22(repeat = 0)
[14:17:35] [info] RTS: KeyReleased: 22
[14:17:36] [info] RTS: KeyPressed: 22(repeat = 0)
[14:17:36] [info] RTS: KeyReleased: 22
[14:17:36] [info] RTS: KeyPressed: 22(repeat = 0)
[14:17:37] [info] RTS: KeyReleased: 22
[14:17:38] [info] RTS: KeyPressed: 22(repeat = 0)
[14:17:38] [info] RTS: KeyReleased: 22
[14:17:39] [info] RTS: KeyPressed: 22(repeat = 0)
[14:17:39] [info] RTS: KeyReleased: 22
[14:17:41] [info] RTS: MouseButtonPressed: 1
[14:17:41] [info] RTS: MouseMoved: 316, 192
[14:17:41] [info] RTS: MouseMoved: 290, 215
[14:17:41] [info] RTS: MouseButtonReleased: 1
[14:17:41] [info] RTS: MouseMoved: 299, 303
[14:17:41] [info] RTS: MouseMoved: 301, 368
[14:17:41] [info] RTS: MouseMoved: 292, 418
[14:17:41] [info] RTS: MouseMoved: 288, 423
[14:17:42] [info] RTS: MouseButtonPressed: 1
[14:17:42] [info] RTS: MouseButtonReleased: 1
[14:17:43] [info] RTS: MouseButtonPressed: 1
[14:17:43] [info] RTS: MouseButtonReleased: 1
[14:17:44] [info] RTS: KeyPressed: 9(repeat = 0)
[14:17:44] [info] RTS: KeyReleased: 9
[14:17:45] [info] RTS: KeyPressed: 9(repeat = 0)
[14:17:46] [info] RTS: KeyReleased: 9
[14:17:46] [info] RTS: KeyPressed: 9(repeat = 0)
[14:17:47] [info] RTS: KeyPressed: 9(repeat = 1)
[14:17:47] [info] RTS: KeyPressed: 9(repeat = 1)
[14:17:47] [info] RTS: KeyPressed: 9(repeat = 1)
[14:17:47] [info] RTS: KeyPressed: 9(repeat = 1)
[14:17:47] [info] RTS: KeyPressed: 9(repeat = 1)
[14:17:47] [info] RTS: KeyPressed: 9(repeat = 1)
[14:17:47] [info] RTS: KeyPressed: 9(repeat = 1)
[14:17:47] [info] RTS: KeyPressed: 9(repeat = 1)
[14:17:47] [info] RTS: KeyPressed: 9(repeat = 1)
[14:17:47] [info] RTS: KeyPressed: 9(repeat = 1)
[14:17:47] [info] RTS: KeyPressed: 9(repeat = 1)
[14:17:47] [info] RTS: KeyReleased: 9
[14:17:48] [info] RTS: KeyPressed: 9(repeat = 0)
[14:17:48] [info] RTS: KeyReleased: 9
[14:17:48] [info] RTS: KeyPressed: 9(repeat = 0)
[14:17:48] [info] RTS: KeyReleased: 9
[14:17:49] [info] RTS: KeyPressed: 9(repeat = 0)
[14:17:49] [info] RTS: KeyReleased: 9
[14:17:49] [info] RTS: KeyPressed: 9(repeat = 0)
[14:17:49] [info] RTS: KeyReleased: 9
[14:17:49] [info] RTS: KeyPressed: 9(repeat = 0)
[14:17:50] [info] RTS: KeyReleased: 9
[14:17:51] [info] RTS: KeyPressed: 9(repeat = 0)
[14:17:51] [info] RTS: KeyReleased: 9
[14:17:51] [info] RTS: MouseMoved: 287, 424
[14:17:53] [info] RTS: KeyPressed: 11(repeat = 0)
[14:17:53] [info] RTS: KeyReleased: 11
[14:17:54] [info] RTS: KeyPressed: 11(repeat = 0)
[14:17:54] [info] RTS: KeyReleased: 11
[14:17:56] [info] RTS: KeyPressed: 11(repeat = 0)
[14:17:56] [info] RTS: KeyReleased: 11
[14:17:56] [info] RTS: MouseMoved: 288, 423
[14:17:56] [info] RTS: MouseMoved: 287, 421
[14:17:56] [info] RTS: MouseMoved: 287, 420
[14:17:56] [info] RTS: MouseMoved: 287, 419
[14:17:56] [info] RTS: MouseMoved: 287, 416
[14:17:56] [info] RTS: MouseMoved: 287, 408
[14:17:56] [info] RTS: MouseMoved: 287, 395
[14:17:57] [info] RTS: MouseMoved: 283, 382
[14:17:57] [info] RTS: MouseMoved: 282, 365
[14:17:57] [info] RTS: MouseMoved: 281, 345
[14:17:57] [info] RTS: MouseMoved: 276, 329
[14:17:57] [info] RTS: MouseMoved: 271, 305
[14:17:57] [info] RTS: MouseMoved: 270, 282
[14:17:57] [info] RTS: MouseMoved: 268, 260
[14:17:57] [info] RTS: MouseMoved: 264, 236
[14:17:57] [info] RTS: MouseMoved: 260, 215
[14:17:57] [info] RTS: MouseMoved: 258, 198
[14:17:57] [info] RTS: MouseMoved: 258, 183
[14:17:57] [info] RTS: MouseMoved: 258, 169
[14:17:57] [info] RTS: MouseMoved: 258, 154
[14:17:57] [info] RTS: MouseMoved: 258, 145
[14:17:57] [info] RTS: MouseMoved: 257, 134
[14:17:57] [info] RTS: MouseMoved: 256, 121
[14:17:57] [info] RTS: MouseMoved: 255, 102
[14:17:57] [info] RTS: MouseMoved: 254, 89
[14:17:57] [info] RTS: MouseMoved: 253, 76
[14:17:57] [info] RTS: MouseMoved: 253, 65
[14:17:57] [info] RTS: MouseMoved: 253, 55
[14:17:57] [info] RTS: MouseMoved: 253, 48
[14:17:57] [info] RTS: MouseMoved: 253, 40
[14:17:57] [info] RTS: MouseMoved: 253, 37
[14:17:57] [info] RTS: MouseMoved: 253, 34
[14:17:57] [info] RTS: MouseMoved: 253, 33
[14:17:57] [info] RTS: MouseMoved: 253, 31
[14:17:57] [info] RTS: MouseMoved: 252, 28
[14:17:57] [info] RTS: MouseMoved: 251, 25
[14:17:57] [info] RTS: MouseMoved: 251, 22
[14:17:57] [info] RTS: MouseMoved: 249, 16
[14:17:57] [info] RTS: MouseMoved: 249, 9
[14:17:57] [info] RTS: MouseMoved: 248, 4
[14:17:57] [info] RTS: MouseMoved: 246, 0
[14:17:58] [info] RTS: WindowMoved: 390, 73
[14:17:59] [info] RTS: WindowMoved: 647, 83
[14:18:00] [info] RTS: WindowMoved: 474, 108
[14:18:00] [info] RTS: WindowMoved: 473, 188
[14:18:01] [info] RTS: WindowMoved: 497, 50
[14:18:03] [info] RTS: WindowClose
[14:18:03] [info] RTS: MouseMoved: 734, 1
[14:18:03] [info] RTS: MouseMoved: 717, 6
[14:18:03] [info] RTS: MouseMoved: 700, 11
[14:18:03] [info] RTS: MouseMoved: 691, 15
[14:18:03] [info] RTS: MouseMoved: 681, 18
[14:18:03] [info] RTS: MouseMoved: 674, 22
[14:18:03] [info] RTS: MouseMoved: 672, 22
[14:18:03] [info] RTS: MouseMoved: 668, 25
[14:18:03] [info] RTS: MouseMoved: 665, 28
[14:18:03] [info] RTS: MouseMoved: 661, 30
[14:18:03] [info] RTS: MouseMoved: 654, 34
[14:18:03] [info] RTS: MouseMoved: 644, 39
[14:18:03] [info] RTS: MouseMoved: 637, 43
[14:18:03] [info] RTS: MouseMoved: 624, 50
[14:18:03] [info] RTS: MouseMoved: 616, 53
[14:18:03] [info] RTS: MouseMoved: 606, 57
[14:18:03] [info] RTS: MouseMoved: 599, 61
[14:18:03] [info] RTS: MouseMoved: 596, 62
[14:18:03] [info] RTS: MouseMoved: 593, 64
[14:18:03] [info] RTS: MouseMoved: 592, 64
[14:18:03] [info] RTS: MouseMoved: 589, 65
[14:18:03] [info] RTS: MouseMoved: 588, 65
[14:18:03] [info] RTS: MouseMoved: 584, 67
[14:18:03] [info] RTS: MouseMoved: 576, 69
[14:18:03] [info] RTS: MouseMoved: 572, 71
[14:18:03] [info] RTS: MouseMoved: 566, 72
[14:18:03] [info] RTS: MouseMoved: 558, 75
[14:18:03] [info] RTS: MouseMoved: 552, 76
[14:18:03] [info] RTS: MouseMoved: 544, 77
[14:18:03] [info] RTS: MouseMoved: 542, 77
[14:18:03] [info] RTS: MouseMoved: 539, 78
[14:18:03] [info] RTS: MouseMoved: 538, 78
[14:18:03] [info] RTS: MouseMoved: 537, 79
[14:18:04] [info] RTS: MouseMoved: 538, 78
[14:18:04] [info] RTS: MouseMoved: 540, 78
[14:18:04] [info] RTS: MouseMoved: 542, 75
[14:18:04] [info] RTS: MouseMoved: 548, 73
[14:18:04] [info] RTS: MouseMoved: 551, 72
[14:18:04] [info] RTS: MouseMoved: 554, 70
[14:18:04] [info] RTS: MouseMoved: 556, 69
[14:18:04] [info] RTS: MouseMoved: 557, 68
[14:18:04] [info] RTS: MouseMoved: 558, 67
[14:18:04] [info] RTS: MouseMoved: 559, 67
[14:18:04] [info] RTS: MouseMoved: 560, 67
[14:18:04] [info] RTS: MouseMoved: 561, 66
[14:18:04] [info] RTS: MouseMoved: 563, 65
[14:18:04] [info] RTS: MouseMoved: 570, 61
[14:18:04] [info] RTS: MouseMoved: 577, 58
[14:18:04] [info] RTS: MouseMoved: 582, 56
[14:18:04] [info] RTS: MouseMoved: 587, 53
[14:18:04] [info] RTS: MouseMoved: 594, 51
[14:18:04] [info] RTS: MouseMoved: 601, 48
[14:18:04] [info] RTS: MouseMoved: 604, 48
[14:18:04] [info] RTS: MouseMoved: 612, 45
[14:18:04] [info] RTS: MouseMoved: 617, 42
[14:18:04] [info] RTS: MouseMoved: 623, 41
[14:18:04] [info] RTS: MouseMoved: 631, 39
[14:18:04] [info] RTS: MouseMoved: 641, 35
[14:18:04] [info] RTS: MouseMoved: 645, 35
[14:18:04] [info] RTS: MouseMoved: 654, 31
[14:18:04] [info] RTS: MouseMoved: 663, 29
[14:18:04] [info] RTS: MouseMoved: 672, 27
[14:18:04] [info] RTS: MouseMoved: 683, 24
[14:18:04] [info] RTS: MouseMoved: 695, 21
[14:18:04] [info] RTS: MouseMoved: 702, 19
[14:18:04] [info] RTS: MouseMoved: 705, 18
[14:18:04] [info] RTS: MouseMoved: 710, 17
[14:18:04] [info] RTS: MouseMoved: 714, 16
[14:18:04] [info] RTS: MouseMoved: 719, 14
[14:18:04] [info] RTS: MouseMoved: 724, 13
[14:18:04] [info] RTS: MouseMoved: 728, 12
[14:18:04] [info] RTS: MouseMoved: 735, 11
[14:18:04] [info] RTS: MouseMoved: 739, 11
[14:18:04] [info] RTS: MouseMoved: 745, 9
[14:18:04] [info] RTS: MouseMoved: 748, 8
[14:18:04] [info] RTS: MouseMoved: 750, 7
[14:18:04] [info] RTS: MouseMoved: 752, 7
[14:18:04] [info] RTS: MouseMoved: 755, 6
[14:18:04] [info] RTS: MouseMoved: 757, 5
[14:18:04] [info] RTS: MouseMoved: 758, 5
[14:18:04] [info] RTS: MouseMoved: 760, 3
[14:18:04] [info] RTS: MouseMoved: 762, 3
[14:18:04] [info] RTS: MouseMoved: 763, 3
[14:18:04] [info] RTS: MouseMoved: 762, 3
[14:18:04] [info] RTS: MouseMoved: 759, 4
[14:18:04] [info] RTS: MouseMoved: 750, 7
[14:18:04] [info] RTS: MouseMoved: 733, 12
[14:18:04] [info] RTS: MouseMoved: 711, 17
[14:18:04] [info] RTS: MouseMoved: 679, 22
[14:18:04] [info] RTS: MouseMoved: 651, 26
[14:18:04] [info] RTS: MouseMoved: 609, 33
[14:18:04] [info] RTS: MouseMoved: 570, 37
[14:18:04] [info] RTS: MouseMoved: 510, 39
[14:18:04] [info] RTS: MouseMoved: 445, 39
[14:18:04] [info] RTS: MouseMoved: 386, 39
[14:18:04] [info] RTS: MouseMoved: 315, 39
[14:18:04] [info] RTS: MouseMoved: 269, 37
[14:18:04] [info] RTS: MouseMoved: 212, 37
[14:18:04] [info] RTS: MouseMoved: 177, 37
[14:18:04] [info] RTS: MouseMoved: 152, 37
[14:18:04] [info] RTS: MouseMoved: 130, 37
[14:18:04] [info] RTS: MouseMoved: 115, 39
[14:18:04] [info] RTS: MouseMoved: 94, 43
[14:18:04] [info] RTS: MouseMoved: 80, 48
[14:18:04] [info] RTS: MouseMoved: 68, 51
[14:18:05] [info] RTS: MouseMoved: 46, 58
[14:18:05] [info] RTS: MouseMoved: 29, 65
[14:18:05] [info] RTS: MouseMoved: 11, 71
[14:18:05] [info] RTS: MouseMoved: 0, 80
[14:18:05] [info] RTS: WindowLostFocus
[14:18:07] [info] RTS: MouseMoved: 507, 49
[14:18:07] [info] RTS: MouseMoved: 519, 46
[14:18:07] [info] RTS: MouseMoved: 537, 39
[14:18:07] [info] RTS: MouseMoved: 551, 35
[14:18:07] [info] RTS: MouseMoved: 564, 27
[14:18:07] [info] RTS: MouseMoved: 576, 26
[14:18:07] [info] RTS: MouseMoved: 587, 22
[14:18:07] [info] RTS: MouseMoved: 592, 20
[14:18:07] [info] RTS: MouseMoved: 599, 18
[14:18:07] [info] RTS: MouseMoved: 604, 15
[14:18:07] [info] RTS: MouseMoved: 611, 12
[14:18:07] [info] RTS: MouseMoved: 618, 10
[14:18:07] [info] RTS: MouseMoved: 626, 6
[14:18:07] [info] RTS: MouseMoved: 635, 3
[14:18:07] [info] RTS: MouseMoved: 642, 0
[14:18:09] [info] RTS: WindowFocus
[14:18:09] [info] RTS: WindowClose
[14:18:10] [info] RTS: WindowClose
[14:18:11] [info] RTS: WindowClose
[14:18:12] [info] RTS: WindowClose
[14:18:12] [info] RTS: WindowClose
[14:18:13] [info] RTS: MouseMoved: 720, 4
[14:18:13] [info] RTS: MouseMoved: 704, 9
[14:18:13] [info] RTS: MouseMoved: 666, 18
[14:18:13] [info] RTS: MouseMoved: 629, 25
[14:18:13] [info] RTS: MouseMoved: 569, 42
[14:18:13] [info] RTS: MouseMoved: 524, 49
[14:18:13] [info] RTS: MouseMoved: 458, 64
[14:18:13] [info] RTS: MouseMoved: 399, 76
[14:18:13] [info] RTS: MouseMoved: 335, 84
[14:18:13] [info] RTS: MouseMoved: 278, 102
[14:18:13] [info] RTS: MouseMoved: 211, 117
[14:18:13] [info] RTS: MouseMoved: 144, 134
[14:18:13] [info] RTS: MouseMoved: 73, 160
[14:18:13] [info] RTS: MouseMoved: 13, 180
[14:18:13] [info] RTS: MouseMoved: 0, 193
[14:18:13] [info] RTS: WindowLostFocus
